<?xml version="1.0" encoding="UTF-8"?>
<!-- Generated by org.testng.reporters.JUnitReportReporter -->
<testsuite hostname="kuljeet-pc" failures="0" tests="4" name="testLayer.LoginTest" time="65.124" errors="0" timestamp="2023-06-21T23:49:32 EDT" skipped="0">
  <testcase classname="testLayer.LoginTest" name="title" time="11.335"/>
  <system-out/>
  <testcase classname="testLayer.LoginTest" name="login" time="18.541"/>
  <system-out/>
  <testcase classname="testLayer.LoginTest" name="login" time="17.696"/>
  <system-out/>
  <testcase classname="testLayer.LoginTest" name="login" time="17.552"/>
  <system-out/>
</testsuite> <!-- testLayer.LoginTest -->
